0 info it worked if it ends with ok
1 verbose cli [ 'node', '/opt/boxen/nodenv/versions/v0.10/bin/npm', 'start' ]
2 info using npm@2.13.2
3 info using node@v0.10.29
4 verbose node symlink /opt/boxen/nodenv/versions/v0.10/bin/node
5 verbose run-script [ 'prestart', 'start', 'poststart' ]
6 info prestart fpl_player_tracker@0.0.0
7 info start fpl_player_tracker@0.0.0
8 verbose unsafe-perm in lifecycle true
9 info fpl_player_tracker@0.0.0 Failed to exec start script
10 verbose stack Error: fpl_player_tracker@0.0.0 start: `node ./bin/www`
10 verbose stack Exit status 8
10 verbose stack     at EventEmitter.<anonymous> (/opt/boxen/nodenv/versions/v0.10.29/lib/node_modules/npm/lib/utils/lifecycle.js:214:16)
10 verbose stack     at EventEmitter.emit (events.js:98:17)
10 verbose stack     at ChildProcess.<anonymous> (/opt/boxen/nodenv/versions/v0.10.29/lib/node_modules/npm/lib/utils/spawn.js:24:14)
10 verbose stack     at ChildProcess.emit (events.js:98:17)
10 verbose stack     at maybeClose (child_process.js:755:16)
10 verbose stack     at Process.ChildProcess._handle.onexit (child_process.js:822:5)
11 verbose pkgid fpl_player_tracker@0.0.0
12 verbose cwd /Users/ad/src/fpl_player_tracker
13 error Darwin 14.0.0
14 error argv "node" "/opt/boxen/nodenv/versions/v0.10/bin/npm" "start"
15 error node v0.10.29
16 error npm  v2.13.2
17 error code ELIFECYCLE
18 error fpl_player_tracker@0.0.0 start: `node ./bin/www`
18 error Exit status 8
19 error Failed at the fpl_player_tracker@0.0.0 start script 'node ./bin/www'.
19 error This is most likely a problem with the fpl_player_tracker package,
19 error not with npm itself.
19 error Tell the author that this fails on your system:
19 error     node ./bin/www
19 error You can get their info via:
19 error     npm owner ls fpl_player_tracker
19 error There is likely additional logging output above.
20 verbose exit [ 1, true ]
